<?xml version="1.0" encoding="UTF-8"?>
<!-- Generated by org.testng.reporters.JUnitReportReporter -->
<testsuite hostname="DESKTOP-9CA997L" failures="0" tests="2" name="com.ninza.hrm.api.employeeandprojecttest.EmployeeTest" time="4.682" errors="0" timestamp="2025-02-28T13:17:42 IST" skipped="0">
  <testcase classname="com.ninza.hrm.api.employeeandprojecttest.EmployeeTest" name="addEmpoyeeWithoutEmailTest" time="0.457"/>
  <system-out/>
  <testcase classname="com.ninza.hrm.api.employeeandprojecttest.EmployeeTest" name="addEmpoyeeTest" time="4.225"/>
  <system-out/>
</testsuite> <!-- com.ninza.hrm.api.employeeandprojecttest.EmployeeTest -->
