<?xml version="1.0" encoding="UTF-8"?>
<!-- Generated by org.testng.reporters.JUnitReportReporter -->
<testsuite hostname="DESKTOP-9CA997L" failures="0" tests="2" name="com.ninza.hrm.api.employeeandprojecttest.OriginalProjectTest" time="4.764" errors="0" timestamp="2025-02-28T13:35:48 IST" skipped="0">
  <testcase classname="com.ninza.hrm.api.employeeandprojecttest.OriginalProjectTest" name="addSingleProjectWithCreated" time="4.526"/>
  <system-out/>
  <testcase classname="com.ninza.hrm.api.employeeandprojecttest.OriginalProjectTest" name="createDuplicateProjectTest" time="0.238"/>
  <system-out/>
</testsuite> <!-- com.ninza.hrm.api.employeeandprojecttest.OriginalProjectTest -->
