<?xml version="1.0" encoding="UTF-8"?>
<!-- Generated by org.testng.reporters.JUnitReportReporter -->
<testsuite hostname="DESKTOP-9CA997L" failures="0" tests="2" name="com.ninza.hrm.api.employeetest.ProjectTest" time="10.558" errors="0" timestamp="2025-02-27T13:58:35 IST" skipped="0">
  <testcase classname="com.ninza.hrm.api.employeetest.ProjectTest" name="addSingleProjectWithCreated" time="10.257"/>
  <testcase classname="com.ninza.hrm.api.employeetest.ProjectTest" name="createDuplicateProjectTest" time="0.301"/>
</testsuite> <!-- com.ninza.hrm.api.employeetest.ProjectTest -->
