<?xml version="1.0" encoding="UTF-8"?>
<!-- Generated by org.testng.reporters.JUnitReportReporter -->
<testsuite hostname="DESKTOP-9CA997L" failures="0" tests="2" name="com.ninza.hrm.api.employeeandprojecttest.ProjectTest" time="4.979" errors="0" timestamp="2025-02-28T12:22:29 IST" skipped="0">
  <testcase classname="com.ninza.hrm.api.employeeandprojecttest.ProjectTest" name="createDuplicateProjectTest" time="0.241"/>
  <testcase classname="com.ninza.hrm.api.employeeandprojecttest.ProjectTest" name="addSingleProjectWithCreated" time="4.738"/>
</testsuite> <!-- com.ninza.hrm.api.employeeandprojecttest.ProjectTest -->
