<?xml version="1.0" encoding="UTF-8"?>
<!-- Generated by org.testng.reporters.JUnitReportReporter -->
<testsuite hostname="DESKTOP-9CA997L" failures="0" tests="2" name="com.ninza.hrm.api.projecttest.ProjectTest" time="2.535" errors="0" timestamp="2025-02-28T17:23:00 IST" skipped="0">
  <testcase classname="com.ninza.hrm.api.projecttest.ProjectTest" name="createDuplicateProjectTest" time="0.283"/>
  <system-out/>
  <testcase classname="com.ninza.hrm.api.projecttest.ProjectTest" name="addSingleProjectWithCreated" time="2.252"/>
  <system-out/>
</testsuite> <!-- com.ninza.hrm.api.projecttest.ProjectTest -->
