<?xml version="1.0" encoding="UTF-8"?>
<!-- Generated by org.testng.reporters.JUnitReportReporter -->
<testsuite hostname="DESKTOP-9CA997L" failures="0" tests="2" name="com.ninza.hrm.api.employeetest.EmployeeTest" time="4.229" errors="0" timestamp="2025-02-28T17:23:00 IST" skipped="0">
  <testcase classname="com.ninza.hrm.api.employeetest.EmployeeTest" name="addEmpoyeeWithoutEmailTest" time="0.561"/>
  <system-out/>
  <testcase classname="com.ninza.hrm.api.employeetest.EmployeeTest" name="addEmpoyeeTest" time="3.668"/>
  <system-out/>
</testsuite> <!-- com.ninza.hrm.api.employeetest.EmployeeTest -->
