<?xml version="1.0" encoding="UTF-8"?>
<!-- Generated by org.testng.reporters.JUnitReportReporter -->
<testsuite hostname="DESKTOP-9CA997L" failures="0" tests="2" name="com.ninza.hrm.api.employeeandprojecttest.OriginalEmployeeTest" time="4.684" errors="0" timestamp="2025-02-28T13:35:35 IST" skipped="0">
  <testcase classname="com.ninza.hrm.api.employeeandprojecttest.OriginalEmployeeTest" name="addEmpoyeeTest" time="4.212"/>
  <system-out/>
  <testcase classname="com.ninza.hrm.api.employeeandprojecttest.OriginalEmployeeTest" name="addEmpoyeeWithoutEmailTest" time="0.472"/>
  <system-out/>
</testsuite> <!-- com.ninza.hrm.api.employeeandprojecttest.OriginalEmployeeTest -->
